0 verbose cli /usr/bin/node /usr/share/nodejs/npm/bin/npm-cli.js
1 info using npm@9.2.0
2 info using node@v18.19.1
3 timing npm:load:whichnode Completed in 0ms
4 timing config:load:defaults Completed in 2ms
5 timing config:load:file:/usr/share/nodejs/npm/npmrc Completed in 2ms
6 timing config:load:builtin Completed in 2ms
7 timing config:load:cli Completed in 2ms
8 timing config:load:env Completed in 0ms
9 timing config:load:project Completed in 1ms
10 timing config:load:file:/root/.npmrc Completed in 0ms
11 timing config:load:user Completed in 0ms
12 timing config:load:file:/etc/npmrc Completed in 0ms
13 timing config:load:global Completed in 0ms
14 timing config:load:setEnvs Completed in 1ms
15 timing config:load Completed in 10ms
16 timing npm:load:configload Completed in 11ms
17 timing npm:load:mkdirpcache Completed in 0ms
18 timing npm:load:mkdirplogs Completed in 0ms
19 verbose title npm exec create-react-app my-react-app
20 verbose argv "exec" "--" "create-react-app" "my-react-app"
21 timing npm:load:setTitle Completed in 2ms
22 timing config:load:flatten Completed in 4ms
23 timing npm:load:display Completed in 5ms
24 verbose logfile logs-max:10 dir:/root/.npm/_logs/2024-08-13T21_12_59_314Z-
25 verbose logfile /root/.npm/_logs/2024-08-13T21_12_59_314Z-debug-0.log
26 timing npm:load:logFile Completed in 9ms
27 timing npm:load:timers Completed in 0ms
28 timing npm:load:configScope Completed in 0ms
29 timing npm:load Completed in 27ms
30 silly logfile done cleaning log files
31 timing arborist:ctor Completed in 1ms
32 http fetch GET 200 https://registry.npmjs.org/create-react-app 170ms (cache miss)
33 timing arborist:ctor Completed in 1ms
34 timing arborist:ctor Completed in 0ms
35 timing arborist:ctor Completed in 0ms
36 timing idealTree:init Completed in 4ms
37 timing idealTree:userRequests Completed in 4ms
38 silly idealTree buildDeps
39 silly fetch manifest create-react-app@5.0.1
40 http fetch GET 200 https://registry.npmjs.org/create-react-app 12ms (cache hit)
41 silly placeDep ROOT create-react-app@5.0.1 OK for:  want: 5.0.1
42 silly fetch manifest chalk@^4.1.2
43 silly fetch manifest commander@^4.1.1
44 silly fetch manifest cross-spawn@^7.0.3
45 silly fetch manifest envinfo@^7.8.1
46 silly fetch manifest fs-extra@^10.0.0
47 silly fetch manifest hyperquest@^2.1.3
48 silly fetch manifest prompts@^2.4.2
49 silly fetch manifest semver@^7.3.5
50 silly fetch manifest tar-pack@^3.4.1
51 silly fetch manifest tmp@^0.2.1
52 silly fetch manifest validate-npm-package-name@^3.0.0
53 http fetch GET 200 https://registry.npmjs.org/chalk 47ms (cache miss)
54 http fetch GET 200 https://registry.npmjs.org/cross-spawn 86ms (cache miss)
55 http fetch GET 200 https://registry.npmjs.org/prompts 86ms (cache miss)
56 http fetch GET 200 https://registry.npmjs.org/fs-extra 90ms (cache miss)
57 http fetch GET 200 https://registry.npmjs.org/semver 94ms (cache miss)
58 http fetch GET 200 https://registry.npmjs.org/commander 100ms (cache miss)
59 http fetch GET 200 https://registry.npmjs.org/tmp 98ms (cache miss)
60 http fetch GET 200 https://registry.npmjs.org/validate-npm-package-name 108ms (cache miss)
61 http fetch GET 200 https://registry.npmjs.org/tar-pack 111ms (cache miss)
62 http fetch GET 200 https://registry.npmjs.org/hyperquest 250ms (cache miss)
63 http fetch GET 200 https://registry.npmjs.org/envinfo 940ms (cache miss)
64 timing idealTree:#root Completed in 966ms
65 silly placeDep ROOT chalk@4.1.2 OK for: create-react-app@5.0.1 want: ^4.1.2
66 silly placeDep ROOT commander@4.1.1 OK for: create-react-app@5.0.1 want: ^4.1.1
67 silly placeDep ROOT cross-spawn@7.0.3 OK for: create-react-app@5.0.1 want: ^7.0.3
68 silly placeDep ROOT envinfo@7.13.0 OK for: create-react-app@5.0.1 want: ^7.8.1
69 silly placeDep ROOT fs-extra@10.1.0 OK for: create-react-app@5.0.1 want: ^10.0.0
70 silly placeDep ROOT hyperquest@2.1.3 OK for: create-react-app@5.0.1 want: ^2.1.3
71 silly placeDep ROOT prompts@2.4.2 OK for: create-react-app@5.0.1 want: ^2.4.2
72 silly placeDep ROOT semver@7.6.3 OK for: create-react-app@5.0.1 want: ^7.3.5
73 silly placeDep ROOT tar-pack@3.4.1 OK for: create-react-app@5.0.1 want: ^3.4.1
74 silly placeDep ROOT tmp@0.2.3 OK for: create-react-app@5.0.1 want: ^0.2.1
75 silly placeDep ROOT validate-npm-package-name@3.0.0 OK for: create-react-app@5.0.1 want: ^3.0.0
76 silly fetch manifest ansi-styles@^4.1.0
77 silly fetch manifest supports-color@^7.1.0
78 silly fetch manifest path-key@^3.1.0
79 silly fetch manifest shebang-command@^2.0.0
80 silly fetch manifest which@^2.0.1
81 silly fetch manifest graceful-fs@^4.2.0
82 silly fetch manifest jsonfile@^6.0.1
83 silly fetch manifest universalify@^2.0.0
84 silly fetch manifest buffer-from@^0.1.1
85 silly fetch manifest duplexer2@~0.0.2
86 silly fetch manifest through2@~0.6.3
87 silly fetch manifest kleur@^3.0.3
88 silly fetch manifest sisteransi@^1.0.5
89 silly fetch manifest debug@^2.2.0
90 silly fetch manifest fstream@^1.0.10
91 silly fetch manifest fstream-ignore@^1.0.5
92 silly fetch manifest once@^1.3.3
93 silly fetch manifest readable-stream@^2.1.4
94 silly fetch manifest rimraf@^2.5.1
95 silly fetch manifest tar@^2.2.1
96 silly fetch manifest uid-number@^0.0.6
97 silly fetch manifest builtins@^1.0.3
98 http fetch GET 200 https://registry.npmjs.org/shebang-command 56ms (cache miss)
99 http fetch GET 200 https://registry.npmjs.org/path-key 58ms (cache miss)
100 http fetch GET 200 https://registry.npmjs.org/universalify 56ms (cache miss)
101 http fetch GET 200 https://registry.npmjs.org/jsonfile 57ms (cache miss)
102 http fetch GET 200 https://registry.npmjs.org/which 76ms (cache miss)
103 http fetch GET 200 https://registry.npmjs.org/ansi-styles 82ms (cache miss)
104 http fetch GET 200 https://registry.npmjs.org/supports-color 84ms (cache miss)
105 http fetch GET 200 https://registry.npmjs.org/graceful-fs 94ms (cache miss)
106 http fetch GET 200 https://registry.npmjs.org/sisteransi 95ms (cache miss)
107 http fetch GET 200 https://registry.npmjs.org/through2 97ms (cache miss)
108 http fetch GET 200 https://registry.npmjs.org/fstream-ignore 97ms (cache miss)
109 http fetch GET 200 https://registry.npmjs.org/uid-number 95ms (cache miss)
110 http fetch GET 200 https://registry.npmjs.org/once 100ms (cache miss)
111 http fetch GET 200 https://registry.npmjs.org/buffer-from 107ms (cache miss)
112 http fetch GET 200 https://registry.npmjs.org/kleur 105ms (cache miss)
113 http fetch GET 200 https://registry.npmjs.org/builtins 100ms (cache miss)
114 http fetch GET 200 https://registry.npmjs.org/rimraf 104ms (cache miss)
115 http fetch GET 200 https://registry.npmjs.org/debug 109ms (cache miss)
116 http fetch GET 200 https://registry.npmjs.org/fstream 111ms (cache miss)
117 http fetch GET 200 https://registry.npmjs.org/tar 109ms (cache miss)
118 http fetch GET 200 https://registry.npmjs.org/readable-stream 116ms (cache miss)
119 http fetch GET 200 https://registry.npmjs.org/duplexer2 948ms (cache miss)
120 timing idealTree:node_modules/create-react-app Completed in 976ms
121 silly placeDep ROOT ansi-styles@4.3.0 OK for: chalk@4.1.2 want: ^4.1.0
122 silly placeDep ROOT supports-color@7.2.0 OK for: chalk@4.1.2 want: ^7.1.0
123 silly fetch manifest color-convert@^2.0.1
124 silly fetch manifest has-flag@^4.0.0
125 http fetch GET 200 https://registry.npmjs.org/color-convert 24ms (cache miss)
126 http fetch GET 200 https://registry.npmjs.org/has-flag 24ms (cache miss)
127 timing idealTree:node_modules/chalk Completed in 30ms
128 silly placeDep ROOT color-convert@2.0.1 OK for: ansi-styles@4.3.0 want: ^2.0.1
129 silly fetch manifest color-name@~1.1.4
130 http fetch GET 200 https://registry.npmjs.org/color-name 19ms (cache miss)
131 timing idealTree:node_modules/ansi-styles Completed in 21ms
132 silly placeDep ROOT color-name@1.1.4 OK for: color-convert@2.0.1 want: ~1.1.4
133 timing idealTree:node_modules/color-convert Completed in 1ms
134 timing idealTree:node_modules/color-name Completed in 0ms
135 timing idealTree:node_modules/commander Completed in 0ms
136 silly placeDep ROOT path-key@3.1.1 OK for: cross-spawn@7.0.3 want: ^3.1.0
137 silly placeDep ROOT shebang-command@2.0.0 OK for: cross-spawn@7.0.3 want: ^2.0.0
138 silly placeDep ROOT which@2.0.2 OK for: cross-spawn@7.0.3 want: ^2.0.1
139 silly fetch manifest shebang-regex@^3.0.0
140 silly fetch manifest isexe@^2.0.0
141 http fetch GET 200 https://registry.npmjs.org/isexe 20ms (cache miss)
142 http fetch GET 200 https://registry.npmjs.org/shebang-regex 27ms (cache miss)
143 timing idealTree:node_modules/cross-spawn Completed in 31ms
144 timing idealTree:node_modules/envinfo Completed in 0ms
145 silly placeDep ROOT graceful-fs@4.2.11 OK for: fs-extra@10.1.0 want: ^4.2.0
146 silly placeDep ROOT jsonfile@6.1.0 OK for: fs-extra@10.1.0 want: ^6.0.1
147 silly placeDep ROOT universalify@2.0.1 OK for: fs-extra@10.1.0 want: ^2.0.0
148 timing idealTree:node_modules/fs-extra Completed in 5ms
149 timing idealTree:node_modules/graceful-fs Completed in 0ms
150 silly placeDep ROOT buffer-from@0.1.2 OK for: hyperquest@2.1.3 want: ^0.1.1
151 silly placeDep ROOT duplexer2@0.0.2 OK for: hyperquest@2.1.3 want: ~0.0.2
152 silly placeDep ROOT through2@0.6.5 OK for: hyperquest@2.1.3 want: ~0.6.3
153 silly fetch manifest readable-stream@~1.1.9
154 silly fetch manifest readable-stream@>=1.0.33-1 <1.1.0-0
155 silly fetch manifest xtend@>=4.0.0 <4.1.0-0
156 http fetch GET 200 https://registry.npmjs.org/xtend 262ms (cache miss)
157 timing idealTree:node_modules/hyperquest Completed in 268ms
158 timing idealTree:node_modules/buffer-from Completed in 0ms
159 silly placeDep ROOT readable-stream@1.1.14 OK for: duplexer2@0.0.2 want: ~1.1.9
160 silly fetch manifest core-util-is@~1.0.0
161 silly fetch manifest isarray@0.0.1
162 silly fetch manifest string_decoder@~0.10.x
163 silly fetch manifest inherits@~2.0.1
164 http fetch GET 200 https://registry.npmjs.org/inherits 31ms (cache miss)
165 http fetch GET 200 https://registry.npmjs.org/core-util-is 69ms (cache miss)
166 http fetch GET 200 https://registry.npmjs.org/string_decoder 75ms (cache miss)
167 http fetch GET 200 https://registry.npmjs.org/isarray 202ms (cache miss)
168 timing idealTree:node_modules/duplexer2 Completed in 207ms
169 timing idealTree:node_modules/jsonfile Completed in 0ms
170 timing idealTree:node_modules/path-key Completed in 0ms
171 silly placeDep ROOT kleur@3.0.3 OK for: prompts@2.4.2 want: ^3.0.3
172 silly placeDep ROOT sisteransi@1.0.5 OK for: prompts@2.4.2 want: ^1.0.5
173 timing idealTree:node_modules/prompts Completed in 2ms
174 timing idealTree:node_modules/kleur Completed in 0ms
175 silly placeDep ROOT core-util-is@1.0.3 OK for: readable-stream@1.1.14 want: ~1.0.0
176 silly placeDep ROOT inherits@2.0.4 OK for: readable-stream@1.1.14 want: ~2.0.1
177 silly placeDep ROOT isarray@0.0.1 OK for: readable-stream@1.1.14 want: 0.0.1
178 silly placeDep ROOT string_decoder@0.10.31 OK for: readable-stream@1.1.14 want: ~0.10.x
179 timing idealTree:node_modules/readable-stream Completed in 4ms
180 timing idealTree:node_modules/core-util-is Completed in 0ms
181 timing idealTree:node_modules/inherits Completed in 0ms
182 timing idealTree:node_modules/isarray Completed in 0ms
183 timing idealTree:node_modules/semver Completed in 0ms
184 silly placeDep ROOT shebang-regex@3.0.0 OK for: shebang-command@2.0.0 want: ^3.0.0
185 timing idealTree:node_modules/shebang-command Completed in 1ms
186 timing idealTree:node_modules/shebang-regex Completed in 0ms
187 timing idealTree:node_modules/sisteransi Completed in 0ms
188 timing idealTree:node_modules/string_decoder Completed in 0ms
189 silly placeDep ROOT has-flag@4.0.0 OK for: supports-color@7.2.0 want: ^4.0.0
190 timing idealTree:node_modules/supports-color Completed in 1ms
191 timing idealTree:node_modules/has-flag Completed in 0ms
192 silly placeDep ROOT debug@2.6.9 OK for: tar-pack@3.4.1 want: ^2.2.0
193 silly placeDep ROOT fstream@1.0.12 OK for: tar-pack@3.4.1 want: ^1.0.10
194 silly placeDep ROOT fstream-ignore@1.0.5 OK for: tar-pack@3.4.1 want: ^1.0.5
195 silly placeDep ROOT once@1.4.0 OK for: tar-pack@3.4.1 want: ^1.3.3
196 silly placeDep node_modules/tar-pack readable-stream@2.3.8 OK for: tar-pack@3.4.1 want: ^2.1.4
197 silly placeDep ROOT rimraf@2.7.1 OK for: tar-pack@3.4.1 want: ^2.5.1
198 silly placeDep ROOT tar@2.2.2 OK for: tar-pack@3.4.1 want: ^2.2.1
199 silly placeDep ROOT uid-number@0.0.6 OK for: tar-pack@3.4.1 want: ^0.0.6
200 silly fetch manifest ms@2.0.0
201 silly fetch manifest mkdirp@>=0.5 0
202 silly fetch manifest minimatch@^3.0.0
203 silly fetch manifest wrappy@1
204 silly fetch manifest isarray@~1.0.0
205 silly fetch manifest process-nextick-args@~2.0.0
206 silly fetch manifest safe-buffer@~5.1.1
207 silly fetch manifest string_decoder@~1.1.1
208 silly fetch manifest util-deprecate@~1.0.1
209 silly fetch manifest glob@^7.1.3
210 silly fetch manifest block-stream@*
211 http fetch GET 200 https://registry.npmjs.org/ms 38ms (cache miss)
212 http fetch GET 200 https://registry.npmjs.org/safe-buffer 38ms (cache miss)
213 http fetch GET 200 https://registry.npmjs.org/mkdirp 41ms (cache miss)
214 http fetch GET 200 https://registry.npmjs.org/minimatch 43ms (cache miss)
215 http fetch GET 200 https://registry.npmjs.org/glob 50ms (cache miss)
216 http fetch GET 200 https://registry.npmjs.org/wrappy 62ms (cache miss)
217 http fetch GET 200 https://registry.npmjs.org/process-nextick-args 61ms (cache miss)
218 http fetch GET 200 https://registry.npmjs.org/util-deprecate 61ms (cache miss)
219 http fetch GET 200 https://registry.npmjs.org/block-stream 59ms (cache miss)
220 timing idealTree:node_modules/tar-pack Completed in 79ms
221 silly placeDep ROOT ms@2.0.0 OK for: debug@2.6.9 want: 2.0.0
222 timing idealTree:node_modules/debug Completed in 1ms
223 silly placeDep ROOT mkdirp@0.5.6 OK for: fstream@1.0.12 want: >=0.5 0
224 silly fetch manifest minimist@^1.2.6
225 http fetch GET 200 https://registry.npmjs.org/minimist 20ms (cache miss)
226 timing idealTree:node_modules/fstream Completed in 22ms
227 silly placeDep ROOT minimatch@3.1.2 OK for: fstream-ignore@1.0.5 want: ^3.0.0
228 silly fetch manifest brace-expansion@^1.1.7
229 http fetch GET 200 https://registry.npmjs.org/brace-expansion 24ms (cache miss)
230 timing idealTree:node_modules/fstream-ignore Completed in 27ms
231 silly placeDep ROOT brace-expansion@1.1.11 OK for: minimatch@3.1.2 want: ^1.1.7
232 silly fetch manifest balanced-match@^1.0.0
233 silly fetch manifest concat-map@0.0.1
234 http fetch GET 200 https://registry.npmjs.org/concat-map 21ms (cache miss)
235 http fetch GET 200 https://registry.npmjs.org/balanced-match 23ms (cache miss)
236 timing idealTree:node_modules/minimatch Completed in 25ms
237 silly placeDep ROOT balanced-match@1.0.2 OK for: brace-expansion@1.1.11 want: ^1.0.0
238 silly placeDep ROOT concat-map@0.0.1 OK for: brace-expansion@1.1.11 want: 0.0.1
239 timing idealTree:node_modules/brace-expansion Completed in 2ms
240 timing idealTree:node_modules/balanced-match Completed in 0ms
241 timing idealTree:node_modules/concat-map Completed in 0ms
242 silly placeDep ROOT minimist@1.2.8 OK for: mkdirp@0.5.6 want: ^1.2.6
243 timing idealTree:node_modules/mkdirp Completed in 1ms
244 timing idealTree:node_modules/minimist Completed in 0ms
245 timing idealTree:node_modules/ms Completed in 0ms
246 silly placeDep ROOT wrappy@1.0.2 OK for: once@1.4.0 want: 1
247 timing idealTree:node_modules/once Completed in 1ms
248 silly placeDep ROOT glob@7.2.3 OK for: rimraf@2.7.1 want: ^7.1.3
249 silly fetch manifest inflight@^1.0.4
250 silly fetch manifest fs.realpath@^1.0.0
251 silly fetch manifest path-is-absolute@^1.0.0
252 http fetch GET 200 https://registry.npmjs.org/fs.realpath 69ms (cache miss)
253 http fetch GET 200 https://registry.npmjs.org/path-is-absolute 75ms (cache miss)
254 http fetch GET 200 https://registry.npmjs.org/inflight 203ms (cache miss)
255 timing idealTree:node_modules/rimraf Completed in 207ms
256 silly placeDep ROOT fs.realpath@1.0.0 OK for: glob@7.2.3 want: ^1.0.0
257 silly placeDep ROOT inflight@1.0.6 OK for: glob@7.2.3 want: ^1.0.4
258 silly placeDep ROOT path-is-absolute@1.0.1 OK for: glob@7.2.3 want: ^1.0.0
259 timing idealTree:node_modules/glob Completed in 4ms
260 timing idealTree:node_modules/fs.realpath Completed in 0ms
261 timing idealTree:node_modules/inflight Completed in 0ms
262 timing idealTree:node_modules/path-is-absolute Completed in 0ms
263 silly placeDep ROOT block-stream@0.0.9 OK for: tar@2.2.2 want: *
264 timing idealTree:node_modules/tar Completed in 1ms
265 timing idealTree:node_modules/block-stream Completed in 0ms
266 silly placeDep node_modules/through2 readable-stream@1.0.34 OK for: through2@0.6.5 want: >=1.0.33-1 <1.1.0-0
267 silly placeDep ROOT xtend@4.0.2 OK for: through2@0.6.5 want: >=4.0.0 <4.1.0-0
268 timing idealTree:node_modules/through2 Completed in 3ms
269 timing idealTree:node_modules/tmp Completed in 0ms
270 timing idealTree:node_modules/uid-number Completed in 0ms
271 timing idealTree:node_modules/universalify Completed in 0ms
272 silly placeDep ROOT builtins@1.0.3 OK for: validate-npm-package-name@3.0.0 want: ^1.0.3
273 timing idealTree:node_modules/validate-npm-package-name Completed in 1ms
274 timing idealTree:node_modules/builtins Completed in 0ms
275 silly placeDep ROOT isexe@2.0.0 OK for: which@2.0.2 want: ^2.0.0
276 timing idealTree:node_modules/which Completed in 2ms
277 timing idealTree:node_modules/isexe Completed in 0ms
278 timing idealTree:node_modules/wrappy Completed in 0ms
279 timing idealTree:node_modules/xtend Completed in 0ms
280 silly placeDep node_modules/tar-pack isarray@1.0.0 OK for: readable-stream@2.3.8 want: ~1.0.0
281 silly placeDep ROOT process-nextick-args@2.0.1 OK for: readable-stream@2.3.8 want: ~2.0.0
282 silly placeDep ROOT safe-buffer@5.1.2 OK for: readable-stream@2.3.8 want: ~5.1.1
283 silly placeDep node_modules/tar-pack string_decoder@1.1.1 OK for: readable-stream@2.3.8 want: ~1.1.1
284 silly placeDep ROOT util-deprecate@1.0.2 OK for: readable-stream@2.3.8 want: ~1.0.1
285 timing idealTree:node_modules/tar-pack/node_modules/readable-stream Completed in 6ms
286 timing idealTree:node_modules/process-nextick-args Completed in 0ms
287 timing idealTree:node_modules/safe-buffer Completed in 0ms
288 timing idealTree:node_modules/util-deprecate Completed in 0ms
289 timing idealTree:node_modules/tar-pack/node_modules/isarray Completed in 0ms
290 timing idealTree:node_modules/tar-pack/node_modules/string_decoder Completed in 0ms
291 timing idealTree:node_modules/through2/node_modules/readable-stream Completed in 0ms
292 timing idealTree:buildDeps Completed in 2901ms
293 timing idealTree:fixDepFlags Completed in 1ms
294 timing idealTree Completed in 2912ms
295 timing reify:loadTrees Completed in 2913ms
296 timing reify:diffTrees Completed in 2ms
297 silly reify moves {}
298 timing reify:retireShallow Completed in 2ms
299 timing reify:createSparse Completed in 7ms
300 timing reify:loadBundles Completed in 0ms
301 silly audit bulk request {
301 silly audit   'create-react-app': [ '5.0.1' ],
301 silly audit   chalk: [ '4.1.2' ],
301 silly audit   commander: [ '4.1.1' ],
301 silly audit   'cross-spawn': [ '7.0.3' ],
301 silly audit   envinfo: [ '7.13.0' ],
301 silly audit   'fs-extra': [ '10.1.0' ],
301 silly audit   hyperquest: [ '2.1.3' ],
301 silly audit   prompts: [ '2.4.2' ],
301 silly audit   semver: [ '7.6.3' ],
301 silly audit   'tar-pack': [ '3.4.1' ],
301 silly audit   tmp: [ '0.2.3' ],
301 silly audit   'validate-npm-package-name': [ '3.0.0' ],
301 silly audit   'ansi-styles': [ '4.3.0' ],
301 silly audit   'supports-color': [ '7.2.0' ],
301 silly audit   'color-convert': [ '2.0.1' ],
301 silly audit   'color-name': [ '1.1.4' ],
301 silly audit   'path-key': [ '3.1.1' ],
301 silly audit   'shebang-command': [ '2.0.0' ],
301 silly audit   which: [ '2.0.2' ],
301 silly audit   'graceful-fs': [ '4.2.11' ],
301 silly audit   jsonfile: [ '6.1.0' ],
301 silly audit   universalify: [ '2.0.1' ],
301 silly audit   'buffer-from': [ '0.1.2' ],
301 silly audit   duplexer2: [ '0.0.2' ],
301 silly audit   through2: [ '0.6.5' ],
301 silly audit   'readable-stream': [ '1.1.14', '2.3.8', '1.0.34' ],
301 silly audit   kleur: [ '3.0.3' ],
301 silly audit   sisteransi: [ '1.0.5' ],
301 silly audit   'core-util-is': [ '1.0.3' ],
301 silly audit   inherits: [ '2.0.4' ],
301 silly audit   isarray: [ '0.0.1', '1.0.0' ],
301 silly audit   string_decoder: [ '0.10.31', '1.1.1' ],
301 silly audit   'shebang-regex': [ '3.0.0' ],
301 silly audit   'has-flag': [ '4.0.0' ],
301 silly audit   debug: [ '2.6.9' ],
301 silly audit   fstream: [ '1.0.12' ],
301 silly audit   'fstream-ignore': [ '1.0.5' ],
301 silly audit   once: [ '1.4.0' ],
301 silly audit   rimraf: [ '2.7.1' ],
301 silly audit   tar: [ '2.2.2' ],
301 silly audit   'uid-number': [ '0.0.6' ],
301 silly audit   ms: [ '2.0.0' ],
301 silly audit   mkdirp: [ '0.5.6' ],
301 silly audit   minimatch: [ '3.1.2' ],
301 silly audit   'brace-expansion': [ '1.1.11' ],
301 silly audit   'balanced-match': [ '1.0.2' ],
301 silly audit   'concat-map': [ '0.0.1' ],
301 silly audit   minimist: [ '1.2.8' ],
301 silly audit   wrappy: [ '1.0.2' ],
301 silly audit   glob: [ '7.2.3' ],
301 silly audit   'fs.realpath': [ '1.0.0' ],
301 silly audit   inflight: [ '1.0.6' ],
301 silly audit   'path-is-absolute': [ '1.0.1' ],
301 silly audit   'block-stream': [ '0.0.9' ],
301 silly audit   xtend: [ '4.0.2' ],
301 silly audit   builtins: [ '1.0.3' ],
301 silly audit   isexe: [ '2.0.0' ],
301 silly audit   'process-nextick-args': [ '2.0.1' ],
301 silly audit   'safe-buffer': [ '5.1.2' ],
301 silly audit   'util-deprecate': [ '1.0.2' ]
301 silly audit }
302 silly tarball no local data for util-deprecate@https://registry.npmjs.org/util-deprecate/-/util-deprecate-1.0.2.tgz. Extracting by manifest.
303 silly tarball no local data for safe-buffer@https://registry.npmjs.org/safe-buffer/-/safe-buffer-5.1.2.tgz. Extracting by manifest.
304 silly tarball no local data for process-nextick-args@https://registry.npmjs.org/process-nextick-args/-/process-nextick-args-2.0.1.tgz. Extracting by manifest.
305 silly tarball no local data for builtins@https://registry.npmjs.org/builtins/-/builtins-1.0.3.tgz. Extracting by manifest.
306 silly tarball no local data for isexe@https://registry.npmjs.org/isexe/-/isexe-2.0.0.tgz. Extracting by manifest.
307 silly tarball no local data for block-stream@https://registry.npmjs.org/block-stream/-/block-stream-0.0.9.tgz. Extracting by manifest.
308 silly tarball no local data for xtend@https://registry.npmjs.org/xtend/-/xtend-4.0.2.tgz. Extracting by manifest.
309 silly tarball no local data for path-is-absolute@https://registry.npmjs.org/path-is-absolute/-/path-is-absolute-1.0.1.tgz. Extracting by manifest.
310 silly tarball no local data for inflight@https://registry.npmjs.org/inflight/-/inflight-1.0.6.tgz. Extracting by manifest.
311 silly tarball no local data for fs.realpath@https://registry.npmjs.org/fs.realpath/-/fs.realpath-1.0.0.tgz. Extracting by manifest.
312 silly tarball no local data for wrappy@https://registry.npmjs.org/wrappy/-/wrappy-1.0.2.tgz. Extracting by manifest.
313 silly tarball no local data for glob@https://registry.npmjs.org/glob/-/glob-7.2.3.tgz. Extracting by manifest.
314 silly tarball no local data for minimist@https://registry.npmjs.org/minimist/-/minimist-1.2.8.tgz. Extracting by manifest.
315 silly tarball no local data for concat-map@https://registry.npmjs.org/concat-map/-/concat-map-0.0.1.tgz. Extracting by manifest.
316 silly tarball no local data for balanced-match@https://registry.npmjs.org/balanced-match/-/balanced-match-1.0.2.tgz. Extracting by manifest.
317 silly tarball no local data for brace-expansion@https://registry.npmjs.org/brace-expansion/-/brace-expansion-1.1.11.tgz. Extracting by manifest.
318 silly tarball no local data for minimatch@https://registry.npmjs.org/minimatch/-/minimatch-3.1.2.tgz. Extracting by manifest.
319 silly tarball no local data for mkdirp@https://registry.npmjs.org/mkdirp/-/mkdirp-0.5.6.tgz. Extracting by manifest.
320 silly tarball no local data for ms@https://registry.npmjs.org/ms/-/ms-2.0.0.tgz. Extracting by manifest.
321 silly tarball no local data for uid-number@https://registry.npmjs.org/uid-number/-/uid-number-0.0.6.tgz. Extracting by manifest.
322 silly tarball no local data for tar@https://registry.npmjs.org/tar/-/tar-2.2.2.tgz. Extracting by manifest.
323 silly tarball no local data for rimraf@https://registry.npmjs.org/rimraf/-/rimraf-2.7.1.tgz. Extracting by manifest.
324 silly tarball no local data for once@https://registry.npmjs.org/once/-/once-1.4.0.tgz. Extracting by manifest.
325 silly tarball no local data for fstream-ignore@https://registry.npmjs.org/fstream-ignore/-/fstream-ignore-1.0.5.tgz. Extracting by manifest.
326 silly tarball no local data for debug@https://registry.npmjs.org/debug/-/debug-2.6.9.tgz. Extracting by manifest.
327 silly tarball no local data for fstream@https://registry.npmjs.org/fstream/-/fstream-1.0.12.tgz. Extracting by manifest.
328 silly tarball no local data for has-flag@https://registry.npmjs.org/has-flag/-/has-flag-4.0.0.tgz. Extracting by manifest.
329 silly tarball no local data for shebang-regex@https://registry.npmjs.org/shebang-regex/-/shebang-regex-3.0.0.tgz. Extracting by manifest.
330 silly tarball no local data for string_decoder@https://registry.npmjs.org/string_decoder/-/string_decoder-0.10.31.tgz. Extracting by manifest.
331 silly tarball no local data for isarray@https://registry.npmjs.org/isarray/-/isarray-0.0.1.tgz. Extracting by manifest.
332 silly tarball no local data for inherits@https://registry.npmjs.org/inherits/-/inherits-2.0.4.tgz. Extracting by manifest.
333 silly tarball no local data for core-util-is@https://registry.npmjs.org/core-util-is/-/core-util-is-1.0.3.tgz. Extracting by manifest.
334 silly tarball no local data for sisteransi@https://registry.npmjs.org/sisteransi/-/sisteransi-1.0.5.tgz. Extracting by manifest.
335 silly tarball no local data for kleur@https://registry.npmjs.org/kleur/-/kleur-3.0.3.tgz. Extracting by manifest.
336 silly tarball no local data for readable-stream@https://registry.npmjs.org/readable-stream/-/readable-stream-1.1.14.tgz. Extracting by manifest.
337 silly tarball no local data for through2@https://registry.npmjs.org/through2/-/through2-0.6.5.tgz. Extracting by manifest.
338 silly tarball no local data for duplexer2@https://registry.npmjs.org/duplexer2/-/duplexer2-0.0.2.tgz. Extracting by manifest.
339 silly tarball no local data for buffer-from@https://registry.npmjs.org/buffer-from/-/buffer-from-0.1.2.tgz. Extracting by manifest.
340 silly tarball no local data for universalify@https://registry.npmjs.org/universalify/-/universalify-2.0.1.tgz. Extracting by manifest.
341 silly tarball no local data for jsonfile@https://registry.npmjs.org/jsonfile/-/jsonfile-6.1.0.tgz. Extracting by manifest.
342 silly tarball no local data for graceful-fs@https://registry.npmjs.org/graceful-fs/-/graceful-fs-4.2.11.tgz. Extracting by manifest.
343 silly tarball no local data for which@https://registry.npmjs.org/which/-/which-2.0.2.tgz. Extracting by manifest.
344 silly tarball no local data for shebang-command@https://registry.npmjs.org/shebang-command/-/shebang-command-2.0.0.tgz. Extracting by manifest.
345 silly tarball no local data for path-key@https://registry.npmjs.org/path-key/-/path-key-3.1.1.tgz. Extracting by manifest.
346 silly tarball no local data for color-name@https://registry.npmjs.org/color-name/-/color-name-1.1.4.tgz. Extracting by manifest.
347 silly tarball no local data for color-convert@https://registry.npmjs.org/color-convert/-/color-convert-2.0.1.tgz. Extracting by manifest.
348 silly tarball no local data for ansi-styles@https://registry.npmjs.org/ansi-styles/-/ansi-styles-4.3.0.tgz. Extracting by manifest.
349 silly tarball no local data for supports-color@https://registry.npmjs.org/supports-color/-/supports-color-7.2.0.tgz. Extracting by manifest.
350 silly tarball no local data for validate-npm-package-name@https://registry.npmjs.org/validate-npm-package-name/-/validate-npm-package-name-3.0.0.tgz. Extracting by manifest.
351 silly tarball no local data for tmp@https://registry.npmjs.org/tmp/-/tmp-0.2.3.tgz. Extracting by manifest.
352 silly tarball no local data for tar-pack@https://registry.npmjs.org/tar-pack/-/tar-pack-3.4.1.tgz. Extracting by manifest.
353 silly tarball no local data for semver@https://registry.npmjs.org/semver/-/semver-7.6.3.tgz. Extracting by manifest.
354 silly tarball no local data for hyperquest@https://registry.npmjs.org/hyperquest/-/hyperquest-2.1.3.tgz. Extracting by manifest.
355 silly tarball no local data for fs-extra@https://registry.npmjs.org/fs-extra/-/fs-extra-10.1.0.tgz. Extracting by manifest.
356 silly tarball no local data for envinfo@https://registry.npmjs.org/envinfo/-/envinfo-7.13.0.tgz. Extracting by manifest.
357 silly tarball no local data for cross-spawn@https://registry.npmjs.org/cross-spawn/-/cross-spawn-7.0.3.tgz. Extracting by manifest.
358 silly tarball no local data for commander@https://registry.npmjs.org/commander/-/commander-4.1.1.tgz. Extracting by manifest.
359 silly tarball no local data for chalk@https://registry.npmjs.org/chalk/-/chalk-4.1.2.tgz. Extracting by manifest.
360 silly tarball no local data for create-react-app@https://registry.npmjs.org/create-react-app/-/create-react-app-5.0.1.tgz. Extracting by manifest.
361 silly tarball no local data for readable-stream@https://registry.npmjs.org/readable-stream/-/readable-stream-1.0.34.tgz. Extracting by manifest.
362 silly tarball no local data for string_decoder@https://registry.npmjs.org/string_decoder/-/string_decoder-1.1.1.tgz. Extracting by manifest.
363 silly tarball no local data for isarray@https://registry.npmjs.org/isarray/-/isarray-1.0.0.tgz. Extracting by manifest.
364 silly tarball no local data for prompts@https://registry.npmjs.org/prompts/-/prompts-2.4.2.tgz. Extracting by manifest.
365 silly tarball no local data for readable-stream@https://registry.npmjs.org/readable-stream/-/readable-stream-2.3.8.tgz. Extracting by manifest.
366 http fetch POST 200 https://registry.npmjs.org/-/npm/v1/security/advisories/bulk 336ms
367 timing auditReport:getReport Completed in 340ms
368 silly audit report {
368 silly audit report   tar: [
368 silly audit report     {
368 silly audit report       id: 1089685,
368 silly audit report       url: 'https://github.com/advisories/GHSA-3jfq-g458-7qm9',
368 silly audit report       title: 'Arbitrary File Creation/Overwrite due to insufficient absolute path sanitization',
368 silly audit report       severity: 'high',
368 silly audit report       vulnerable_versions: '<3.2.2',
368 silly audit report       cwe: [Array],
368 silly audit report       cvss: [Object]
368 silly audit report     },
368 silly audit report     {
368 silly audit report       id: 1095117,
368 silly audit report       url: 'https://github.com/advisories/GHSA-5955-9wpr-37jh',
368 silly audit report       title: 'Arbitrary File Creation/Overwrite on Windows via insufficient relative path sanitization',
368 silly audit report       severity: 'high',
368 silly audit report       vulnerable_versions: '<4.4.18',
368 silly audit report       cwe: [Array],
368 silly audit report       cvss: [Object]
368 silly audit report     },
368 silly audit report     {
368 silly audit report       id: 1097493,
368 silly audit report       url: 'https://github.com/advisories/GHSA-f5x3-32g6-xq36',
368 silly audit report       title: 'Denial of service while parsing a tar file due to lack of folders count validation',
368 silly audit report       severity: 'moderate',
368 silly audit report       vulnerable_versions: '<6.2.1',
368 silly audit report       cwe: [Array],
368 silly audit report       cvss: [Object]
368 silly audit report     }
368 silly audit report   ]
368 silly audit report }
369 timing metavuln:packument:tar Completed in 1ms
370 timing metavuln:cache:get:security-advisory:tar:Oa066nJpV2ox85F6qnk1N5eWmAmoWAMU7byYhWk4oYfHYrQ8aGHfCKRikfcy0dHDcKWKiPRc7Nz7R9fxKkj0Yw== Completed in 13ms
371 timing metavuln:load:security-advisory:tar:1089685 Completed in 4ms
372 timing metavuln:cache:get:security-advisory:tar:2lGtz15Gs28nRX11iCY/mSa25Ky4CfNVzD5qptDvtqdkLXPb/znmxdJ/4OrOyJZ2qQgFtnfxP9ee2xfimUMfuw== Completed in 18ms
373 timing metavuln:load:security-advisory:tar:1095117 Completed in 3ms
374 timing metavuln:cache:get:security-advisory:tar:xsfciMtNhQn+Vb692L8h5HEYBYUJ5Lhjy3bF//LOsKSn8tp0f1hbuDX26k9UtKJNPZjM5uuq2Cxlz3KwL19oJg== Completed in 20ms
375 timing metavuln:load:security-advisory:tar:1097493 Completed in 2ms
376 http fetch GET 200 https://registry.npmjs.org/builtins/-/builtins-1.0.3.tgz 351ms (cache miss)
377 timing reifyNode:node_modules/builtins Completed in 398ms
378 http fetch GET 200 https://registry.npmjs.org/ms/-/ms-2.0.0.tgz 340ms (cache miss)
379 timing reifyNode:node_modules/ms Completed in 398ms
380 http fetch GET 200 https://registry.npmjs.org/isexe/-/isexe-2.0.0.tgz 356ms (cache miss)
381 timing reifyNode:node_modules/isexe Completed in 403ms
382 http fetch GET 200 https://registry.npmjs.org/xtend/-/xtend-4.0.2.tgz 354ms (cache miss)
383 timing reifyNode:node_modules/xtend Completed in 404ms
384 http fetch GET 200 https://registry.npmjs.org/util-deprecate/-/util-deprecate-1.0.2.tgz 361ms (cache miss)
385 timing reifyNode:node_modules/util-deprecate Completed in 405ms
386 http fetch GET 200 https://registry.npmjs.org/path-is-absolute/-/path-is-absolute-1.0.1.tgz 354ms (cache miss)
387 timing reifyNode:node_modules/path-is-absolute Completed in 404ms
388 http fetch GET 200 https://registry.npmjs.org/brace-expansion/-/brace-expansion-1.1.11.tgz 348ms (cache miss)
389 timing reifyNode:node_modules/brace-expansion Completed in 404ms
390 http fetch GET 200 https://registry.npmjs.org/block-stream/-/block-stream-0.0.9.tgz 357ms (cache miss)
391 timing reifyNode:node_modules/block-stream Completed in 405ms
392 http fetch GET 200 https://registry.npmjs.org/uid-number/-/uid-number-0.0.6.tgz 346ms (cache miss)
393 warn deprecated uid-number@0.0.6: This package is no longer supported.
394 timing reifyNode:node_modules/uid-number Completed in 405ms
395 http fetch GET 200 https://registry.npmjs.org/rimraf/-/rimraf-2.7.1.tgz 345ms (cache miss)
396 warn deprecated rimraf@2.7.1: Rimraf versions prior to v4 are no longer supported
397 timing reifyNode:node_modules/rimraf Completed in 406ms
398 http fetch GET 200 https://registry.npmjs.org/once/-/once-1.4.0.tgz 344ms (cache miss)
399 timing reifyNode:node_modules/once Completed in 406ms
400 http fetch GET 200 https://registry.npmjs.org/process-nextick-args/-/process-nextick-args-2.0.1.tgz 365ms (cache miss)
401 timing reifyNode:node_modules/process-nextick-args Completed in 411ms
402 http fetch GET 200 https://registry.npmjs.org/concat-map/-/concat-map-0.0.1.tgz 356ms (cache miss)
403 timing reifyNode:node_modules/concat-map Completed in 410ms
404 http fetch GET 200 https://registry.npmjs.org/inflight/-/inflight-1.0.6.tgz 361ms (cache miss)
405 warn deprecated inflight@1.0.6: This module is not supported, and leaks memory. Do not use it. Check out lru-cache if you want a good and tested way to coalesce async requests by a key value, which is much more comprehensive and powerful.
406 timing reifyNode:node_modules/inflight Completed in 412ms
407 http fetch GET 200 https://registry.npmjs.org/wrappy/-/wrappy-1.0.2.tgz 359ms (cache miss)
408 timing reifyNode:node_modules/wrappy Completed in 411ms
409 http fetch GET 200 https://registry.npmjs.org/inherits/-/inherits-2.0.4.tgz 344ms (cache miss)
410 timing reifyNode:node_modules/inherits Completed in 413ms
411 http fetch GET 200 https://registry.npmjs.org/safe-buffer/-/safe-buffer-5.1.2.tgz 371ms (cache miss)
412 timing reifyNode:node_modules/safe-buffer Completed in 417ms
413 http fetch GET 200 https://registry.npmjs.org/balanced-match/-/balanced-match-1.0.2.tgz 361ms (cache miss)
414 timing reifyNode:node_modules/balanced-match Completed in 416ms
415 http fetch GET 200 https://registry.npmjs.org/shebang-regex/-/shebang-regex-3.0.0.tgz 352ms (cache miss)
416 timing reifyNode:node_modules/shebang-regex Completed in 418ms
417 http fetch GET 200 https://registry.npmjs.org/shebang-command/-/shebang-command-2.0.0.tgz 330ms (cache miss)
418 timing reifyNode:node_modules/shebang-command Completed in 420ms
419 http fetch GET 200 https://registry.npmjs.org/glob/-/glob-7.2.3.tgz 369ms (cache miss)
420 warn deprecated glob@7.2.3: Glob versions prior to v9 are no longer supported
421 timing reifyNode:node_modules/glob Completed in 423ms
422 http fetch GET 200 https://registry.npmjs.org/fs.realpath/-/fs.realpath-1.0.0.tgz 371ms (cache miss)
423 timing reifyNode:node_modules/fs.realpath Completed in 423ms
424 http fetch GET 200 https://registry.npmjs.org/mkdirp/-/mkdirp-0.5.6.tgz 365ms (cache miss)
425 timing reifyNode:node_modules/mkdirp Completed in 423ms
426 http fetch GET 200 https://registry.npmjs.org/minimatch/-/minimatch-3.1.2.tgz 366ms (cache miss)
427 timing reifyNode:node_modules/minimatch Completed in 423ms
428 http fetch GET 200 https://registry.npmjs.org/has-flag/-/has-flag-4.0.0.tgz 359ms (cache miss)
429 timing reifyNode:node_modules/has-flag Completed in 424ms
430 http fetch GET 200 https://registry.npmjs.org/isarray/-/isarray-0.0.1.tgz 357ms (cache miss)
431 timing reifyNode:node_modules/isarray Completed in 425ms
432 http fetch GET 200 https://registry.npmjs.org/sisteransi/-/sisteransi-1.0.5.tgz 354ms (cache miss)
433 timing reifyNode:node_modules/sisteransi Completed in 424ms
434 http fetch GET 200 https://registry.npmjs.org/core-util-is/-/core-util-is-1.0.3.tgz 355ms (cache miss)
435 timing reifyNode:node_modules/core-util-is Completed in 425ms
436 http fetch GET 200 https://registry.npmjs.org/string_decoder/-/string_decoder-0.10.31.tgz 360ms (cache miss)
437 timing reifyNode:node_modules/string_decoder Completed in 427ms
438 http fetch GET 200 https://registry.npmjs.org/jsonfile/-/jsonfile-6.1.0.tgz 345ms (cache miss)
439 timing reifyNode:node_modules/jsonfile Completed in 426ms
440 http fetch GET 200 https://registry.npmjs.org/color-name/-/color-name-1.1.4.tgz 334ms (cache miss)
441 timing reifyNode:node_modules/color-name Completed in 427ms
442 http fetch GET 200 https://registry.npmjs.org/supports-color/-/supports-color-7.2.0.tgz 332ms (cache miss)
443 timing reifyNode:node_modules/supports-color Completed in 427ms
444 http fetch GET 200 https://registry.npmjs.org/buffer-from/-/buffer-from-0.1.2.tgz 348ms (cache miss)
445 timing reifyNode:node_modules/buffer-from Completed in 428ms
446 http fetch GET 200 https://registry.npmjs.org/kleur/-/kleur-3.0.3.tgz 354ms (cache miss)
447 timing reifyNode:node_modules/kleur Completed in 429ms
448 http fetch GET 200 https://registry.npmjs.org/through2/-/through2-0.6.5.tgz 354ms (cache miss)
449 timing reifyNode:node_modules/through2 Completed in 431ms
450 http fetch GET 200 https://registry.npmjs.org/duplexer2/-/duplexer2-0.0.2.tgz 353ms (cache miss)
451 timing reifyNode:node_modules/duplexer2 Completed in 431ms
452 http fetch GET 200 https://registry.npmjs.org/universalify/-/universalify-2.0.1.tgz 351ms (cache miss)
453 timing reifyNode:node_modules/universalify Completed in 431ms
454 http fetch GET 200 https://registry.npmjs.org/path-key/-/path-key-3.1.1.tgz 341ms (cache miss)
455 timing reifyNode:node_modules/path-key Completed in 433ms
456 http fetch GET 200 https://registry.npmjs.org/color-convert/-/color-convert-2.0.1.tgz 340ms (cache miss)
457 timing reifyNode:node_modules/color-convert Completed in 433ms
458 http fetch GET 200 https://registry.npmjs.org/fstream-ignore/-/fstream-ignore-1.0.5.tgz 373ms (cache miss)
459 warn deprecated fstream-ignore@1.0.5: This package is no longer supported.
460 timing reifyNode:node_modules/fstream-ignore Completed in 437ms
461 http fetch GET 200 https://registry.npmjs.org/string_decoder/-/string_decoder-1.1.1.tgz 329ms (cache miss)
462 timing reifyNode:node_modules/tar-pack/node_modules/string_decoder Completed in 436ms
463 http fetch GET 200 https://registry.npmjs.org/hyperquest/-/hyperquest-2.1.3.tgz 337ms (cache miss)
464 http fetch GET 200 https://registry.npmjs.org/cross-spawn/-/cross-spawn-7.0.3.tgz 335ms (cache miss)
465 http fetch GET 200 https://registry.npmjs.org/ansi-styles/-/ansi-styles-4.3.0.tgz 345ms (cache miss)
466 timing reifyNode:node_modules/ansi-styles Completed in 439ms
467 http fetch GET 200 https://registry.npmjs.org/isarray/-/isarray-1.0.0.tgz 331ms (cache miss)
468 timing reifyNode:node_modules/tar-pack/node_modules/isarray Completed in 440ms
469 http fetch GET 200 https://registry.npmjs.org/validate-npm-package-name/-/validate-npm-package-name-3.0.0.tgz 344ms (cache miss)
470 timing metavuln:cache:put:security-advisory:tar:xsfciMtNhQn+Vb692L8h5HEYBYUJ5Lhjy3bF//LOsKSn8tp0f1hbuDX26k9UtKJNPZjM5uuq2Cxlz3KwL19oJg== Completed in 83ms
471 timing metavuln:calculate:security-advisory:tar:1097493 Completed in 105ms
472 timing reifyNode:node_modules/validate-npm-package-name Completed in 442ms
473 http fetch GET 200 https://registry.npmjs.org/which/-/which-2.0.2.tgz 356ms (cache miss)
474 timing reifyNode:node_modules/which Completed in 445ms
475 timing metavuln:cache:put:security-advisory:tar:2lGtz15Gs28nRX11iCY/mSa25Ky4CfNVzD5qptDvtqdkLXPb/znmxdJ/4OrOyJZ2qQgFtnfxP9ee2xfimUMfuw== Completed in 90ms
476 timing metavuln:calculate:security-advisory:tar:1095117 Completed in 111ms
477 http fetch GET 200 https://registry.npmjs.org/tmp/-/tmp-0.2.3.tgz 348ms (cache miss)
478 timing reifyNode:node_modules/tmp Completed in 445ms
479 http fetch GET 200 https://registry.npmjs.org/create-react-app/-/create-react-app-5.0.1.tgz 340ms (cache miss)
480 timing reifyNode:node_modules/create-react-app Completed in 445ms
481 timing metavuln:cache:put:security-advisory:tar:Oa066nJpV2ox85F6qnk1N5eWmAmoWAMU7byYhWk4oYfHYrQ8aGHfCKRikfcy0dHDcKWKiPRc7Nz7R9fxKkj0Yw== Completed in 95ms
482 timing metavuln:calculate:security-advisory:tar:1089685 Completed in 113ms
483 timing metavuln:packument:tar-pack Completed in 1ms
484 timing reifyNode:node_modules/cross-spawn Completed in 446ms
485 timing metavuln:cache:get:security-advisory:tar-pack:3KXljJwoAr/NHejfU6kg41RmjF3Pg6M28t7ViuMjk5SYV3kYL9qyGZ417dIFb1Y8K+hhpo0sBWpskxrKhsZQzQ== Completed in 3ms
486 timing metavuln:load:security-advisory:tar-pack:Oa066nJpV2ox85F6qnk1N5eWmAmoWAMU7byYhWk4oYfHYrQ8aGHfCKRikfcy0dHDcKWKiPRc7Nz7R9fxKkj0Yw== Completed in 3ms
487 http fetch GET 200 https://registry.npmjs.org/graceful-fs/-/graceful-fs-4.2.11.tgz 376ms (cache miss)
488 timing reifyNode:node_modules/graceful-fs Completed in 458ms
489 http fetch GET 200 https://registry.npmjs.org/readable-stream/-/readable-stream-1.0.34.tgz 353ms (cache miss)
490 http fetch GET 200 https://registry.npmjs.org/readable-stream/-/readable-stream-1.1.14.tgz 387ms (cache miss)
491 http fetch GET 200 https://registry.npmjs.org/commander/-/commander-4.1.1.tgz 360ms (cache miss)
492 timing reifyNode:node_modules/commander Completed in 464ms
493 http fetch GET 200 https://registry.npmjs.org/chalk/-/chalk-4.1.2.tgz 360ms (cache miss)
494 timing reifyNode:node_modules/chalk Completed in 464ms
495 timing reifyNode:node_modules/through2/node_modules/readable-stream Completed in 465ms
496 http fetch GET 200 https://registry.npmjs.org/tar-pack/-/tar-pack-3.4.1.tgz 368ms (cache miss)
497 timing reifyNode:node_modules/readable-stream Completed in 468ms
498 timing reifyNode:node_modules/hyperquest Completed in 471ms
499 timing reifyNode:node_modules/tar-pack Completed in 471ms
500 timing metavuln:cache:put:security-advisory:tar-pack:3KXljJwoAr/NHejfU6kg41RmjF3Pg6M28t7ViuMjk5SYV3kYL9qyGZ417dIFb1Y8K+hhpo0sBWpskxrKhsZQzQ== Completed in 25ms
501 timing metavuln:calculate:security-advisory:tar-pack:Oa066nJpV2ox85F6qnk1N5eWmAmoWAMU7byYhWk4oYfHYrQ8aGHfCKRikfcy0dHDcKWKiPRc7Nz7R9fxKkj0Yw== Completed in 31ms
502 timing metavuln:packument:create-react-app Completed in 0ms
503 http fetch GET 200 https://registry.npmjs.org/minimist/-/minimist-1.2.8.tgz 427ms (cache miss)
504 timing reifyNode:node_modules/minimist Completed in 480ms
505 timing metavuln:cache:get:security-advisory:create-react-app:BAP5sjD/UipbJVBCija12WlnlurqvRCOfkHPDCK3St763W6JIxpLfRD1F9PMmW4GEaZmK6BFkh/Pye257xPpCw== Completed in 2ms
506 timing metavuln:load:security-advisory:create-react-app:3KXljJwoAr/NHejfU6kg41RmjF3Pg6M28t7ViuMjk5SYV3kYL9qyGZ417dIFb1Y8K+hhpo0sBWpskxrKhsZQzQ== Completed in 6ms
507 http fetch GET 200 https://registry.npmjs.org/envinfo/-/envinfo-7.13.0.tgz 386ms (cache miss)
508 timing reifyNode:node_modules/envinfo Completed in 487ms
509 http fetch GET 200 https://registry.npmjs.org/debug/-/debug-2.6.9.tgz 430ms (cache miss)
510 timing reifyNode:node_modules/debug Completed in 494ms
511 http fetch GET 200 https://registry.npmjs.org/readable-stream/-/readable-stream-2.3.8.tgz 346ms (cache miss)
512 timing reifyNode:node_modules/tar-pack/node_modules/readable-stream Completed in 496ms
513 timing metavuln:cache:put:security-advisory:create-react-app:BAP5sjD/UipbJVBCija12WlnlurqvRCOfkHPDCK3St763W6JIxpLfRD1F9PMmW4GEaZmK6BFkh/Pye257xPpCw== Completed in 13ms
514 timing metavuln:calculate:security-advisory:create-react-app:3KXljJwoAr/NHejfU6kg41RmjF3Pg6M28t7ViuMjk5SYV3kYL9qyGZ417dIFb1Y8K+hhpo0sBWpskxrKhsZQzQ== Completed in 21ms
515 timing auditReport:init Completed in 173ms
516 timing reify:audit Completed in 514ms
517 http fetch GET 200 https://registry.npmjs.org/fstream/-/fstream-1.0.12.tgz 444ms (cache miss)
518 warn deprecated fstream@1.0.12: This package is no longer supported.
519 timing reifyNode:node_modules/fstream Completed in 508ms
520 http fetch GET 200 https://registry.npmjs.org/fs-extra/-/fs-extra-10.1.0.tgz 417ms (cache miss)
521 timing reifyNode:node_modules/fs-extra Completed in 518ms
522 http fetch GET 200 https://registry.npmjs.org/semver/-/semver-7.6.3.tgz 420ms (cache miss)
523 timing reifyNode:node_modules/semver Completed in 519ms
524 http fetch GET 200 https://registry.npmjs.org/prompts/-/prompts-2.4.2.tgz 420ms (cache miss)
525 timing reifyNode:node_modules/prompts Completed in 529ms
526 http fetch GET 200 https://registry.npmjs.org/tar/-/tar-2.2.2.tgz 483ms (cache miss)
527 warn deprecated tar@2.2.2: This version of tar is no longer supported, and will not receive security updates. Please upgrade asap.
528 timing reifyNode:node_modules/tar Completed in 544ms
529 timing reify:unpack Completed in 546ms
530 timing reify:unretire Completed in 0ms
531 timing build:queue Completed in 2ms
532 timing build:link:node_modules/create-react-app Completed in 3ms
533 timing build:link:node_modules/envinfo Completed in 2ms
534 timing build:link:node_modules/mkdirp Completed in 2ms
535 timing build:link:node_modules/rimraf Completed in 2ms
536 timing build:link:node_modules/semver Completed in 2ms
537 timing build:link:node_modules/which Completed in 2ms
538 timing build:link Completed in 3ms
539 timing build:deps Completed in 6ms
540 timing build Completed in 6ms
541 timing reify:build Completed in 7ms
542 timing reify:trash Completed in 0ms
543 timing reify:save Completed in 23ms
544 timing reify Completed in 3518ms
545 timing command:exec Completed in 85480ms
546 verbose exit 0
547 timing npm Completed in 85525ms
548 info ok
